[INFO  - 2016-03-27T21:28:25.754Z] GhostDriver - Main - running on port 25955
[INFO  - 2016-03-27T21:28:26.233Z] Session [d7639c30-f462-11e5-b201-fbc1af940dfe] - page.settings - {"XSSAuditingEnabled":false,"javascriptCanCloseWindows":true,"javascriptCanOpenWindows":true,"javascriptEnabled":true,"loadImages":true,"localToRemoteUrlAccessEnabled":true,"userAgent":"Mozilla/5.0 (Windows NT 6.2; WOW64) AppleWebKit/538.1 (KHTML, like Gecko) PhantomJS/2.1.1 Safari/538.1","webSecurityEnabled":false}
[INFO  - 2016-03-27T21:28:26.233Z] Session [d7639c30-f462-11e5-b201-fbc1af940dfe] - page.customHeaders:  - {}
[INFO  - 2016-03-27T21:28:26.233Z] Session [d7639c30-f462-11e5-b201-fbc1af940dfe] - Session.negotiatedCapabilities - {"browserName":"phantomjs","version":"2.1.1","driverName":"ghostdriver","driverVersion":"1.2.0","platform":"windows-8.1-32bit","javascriptEnabled":true,"takesScreenshot":true,"handlesAlerts":false,"databaseEnabled":false,"locationContextEnabled":false,"applicationCacheEnabled":false,"browserConnectionEnabled":false,"cssSelectorsEnabled":true,"webStorageEnabled":false,"rotatable":false,"acceptSslCerts":false,"nativeEvents":true,"proxy":{"proxyType":"direct"}}
[INFO  - 2016-03-27T21:28:26.233Z] SessionManagerReqHand - _postNewSessionCommand - New Session Created: d7639c30-f462-11e5-b201-fbc1af940dfe
[ERROR - 2016-03-27T21:28:30.820Z] RouterReqHand - _handle.error - {"name":"Invalid Command Method","message":"{\"headers\":{\"Accept-Encoding\":\"gzip,deflate\",\"Cache-Control\":\"no-cache\",\"Connection\":\"Keep-Alive\",\"Host\":\"localhost:25955\",\"User-Agent\":\"Apache-HttpClient/4.3.4 (java 1.5)\"},\"httpVersion\":\"1.1\",\"method\":\"GET\",\"url\":\"/alert_text\",\"urlParsed\":{\"anchor\":\"\",\"query\":\"\",\"file\":\"alert_text\",\"directory\":\"/\",\"path\":\"/alert_text\",\"relative\":\"/alert_text\",\"port\":\"\",\"host\":\"\",\"password\":\"\",\"user\":\"\",\"userInfo\":\"\",\"authority\":\"\",\"protocol\":\"\",\"source\":\"/alert_text\",\"queryKey\":{},\"chunks\":[\"alert_text\"]},\"urlOriginal\":\"/session/d7639c30-f462-11e5-b201-fbc1af940dfe/alert_text\"}","line":202,"sourceURL":"phantomjs://code/session_request_handler.js","stack":"_handle@phantomjs://code/session_request_handler.js:202:66\n_reroute@phantomjs://code/request_handler.js:61:20\n_handle@phantomjs://code/router_request_handler.js:78:46"}
[ERROR - 2016-03-27T21:28:32.905Z] RouterReqHand - _handle.error - {"name":"Invalid Command Method","message":"{\"headers\":{\"Accept-Encoding\":\"gzip,deflate\",\"Cache-Control\":\"no-cache\",\"Connection\":\"Keep-Alive\",\"Host\":\"localhost:25955\",\"User-Agent\":\"Apache-HttpClient/4.3.4 (java 1.5)\"},\"httpVersion\":\"1.1\",\"method\":\"GET\",\"url\":\"/alert_text\",\"urlParsed\":{\"anchor\":\"\",\"query\":\"\",\"file\":\"alert_text\",\"directory\":\"/\",\"path\":\"/alert_text\",\"relative\":\"/alert_text\",\"port\":\"\",\"host\":\"\",\"password\":\"\",\"user\":\"\",\"userInfo\":\"\",\"authority\":\"\",\"protocol\":\"\",\"source\":\"/alert_text\",\"queryKey\":{},\"chunks\":[\"alert_text\"]},\"urlOriginal\":\"/session/d7639c30-f462-11e5-b201-fbc1af940dfe/alert_text\"}","line":202,"sourceURL":"phantomjs://code/session_request_handler.js","stack":"_handle@phantomjs://code/session_request_handler.js:202:66\n_reroute@phantomjs://code/request_handler.js:61:20\n_handle@phantomjs://code/router_request_handler.js:78:46"}
[INFO  - 2016-03-27T21:28:32.921Z] ShutdownReqHand - _handle - About to shutdown
[INFO  - 2016-03-27T21:28:35.434Z] GhostDriver - Main - running on port 22722
[INFO  - 2016-03-27T21:28:36.051Z] Session [dd3ca660-f462-11e5-89a4-a9c5b67d4d2b] - page.settings - {"XSSAuditingEnabled":false,"javascriptCanCloseWindows":true,"javascriptCanOpenWindows":true,"javascriptEnabled":true,"loadImages":true,"localToRemoteUrlAccessEnabled":true,"userAgent":"Mozilla/5.0 (Windows NT 6.2; WOW64) AppleWebKit/538.1 (KHTML, like Gecko) PhantomJS/2.1.1 Safari/538.1","webSecurityEnabled":false}
[INFO  - 2016-03-27T21:28:36.051Z] Session [dd3ca660-f462-11e5-89a4-a9c5b67d4d2b] - page.customHeaders:  - {}
[INFO  - 2016-03-27T21:28:36.052Z] Session [dd3ca660-f462-11e5-89a4-a9c5b67d4d2b] - Session.negotiatedCapabilities - {"browserName":"phantomjs","version":"2.1.1","driverName":"ghostdriver","driverVersion":"1.2.0","platform":"windows-8.1-32bit","javascriptEnabled":true,"takesScreenshot":true,"handlesAlerts":false,"databaseEnabled":false,"locationContextEnabled":false,"applicationCacheEnabled":false,"browserConnectionEnabled":false,"cssSelectorsEnabled":true,"webStorageEnabled":false,"rotatable":false,"acceptSslCerts":false,"nativeEvents":true,"proxy":{"proxyType":"direct"}}
[INFO  - 2016-03-27T21:28:36.052Z] SessionManagerReqHand - _postNewSessionCommand - New Session Created: dd3ca660-f462-11e5-89a4-a9c5b67d4d2b
[INFO  - 2016-03-27T21:28:40.858Z] ShutdownReqHand - _handle - About to shutdown
[INFO  - 2016-03-27T21:28:43.389Z] GhostDriver - Main - running on port 17632
[INFO  - 2016-03-27T21:28:43.462Z] Session [e1a7c8b0-f462-11e5-86d7-413e72460779] - page.settings - {"XSSAuditingEnabled":false,"javascriptCanCloseWindows":true,"javascriptCanOpenWindows":true,"javascriptEnabled":true,"loadImages":true,"localToRemoteUrlAccessEnabled":true,"userAgent":"Mozilla/5.0 (Windows NT 6.2; WOW64) AppleWebKit/538.1 (KHTML, like Gecko) PhantomJS/2.1.1 Safari/538.1","webSecurityEnabled":false}
[INFO  - 2016-03-27T21:28:43.463Z] Session [e1a7c8b0-f462-11e5-86d7-413e72460779] - page.customHeaders:  - {}
[INFO  - 2016-03-27T21:28:43.466Z] Session [e1a7c8b0-f462-11e5-86d7-413e72460779] - Session.negotiatedCapabilities - {"browserName":"phantomjs","version":"2.1.1","driverName":"ghostdriver","driverVersion":"1.2.0","platform":"windows-8.1-32bit","javascriptEnabled":true,"takesScreenshot":true,"handlesAlerts":false,"databaseEnabled":false,"locationContextEnabled":false,"applicationCacheEnabled":false,"browserConnectionEnabled":false,"cssSelectorsEnabled":true,"webStorageEnabled":false,"rotatable":false,"acceptSslCerts":false,"nativeEvents":true,"proxy":{"proxyType":"direct"}}
[INFO  - 2016-03-27T21:28:43.466Z] SessionManagerReqHand - _postNewSessionCommand - New Session Created: e1a7c8b0-f462-11e5-86d7-413e72460779
[INFO  - 2016-03-27T21:28:43.519Z] ShutdownReqHand - _handle - About to shutdown
[INFO  - 2016-03-27T21:28:46.080Z] GhostDriver - Main - running on port 22972
[INFO  - 2016-03-27T21:28:46.655Z] Session [e38d5190-f462-11e5-b599-e13306a20f3f] - page.settings - {"XSSAuditingEnabled":false,"javascriptCanCloseWindows":true,"javascriptCanOpenWindows":true,"javascriptEnabled":true,"loadImages":true,"localToRemoteUrlAccessEnabled":true,"userAgent":"Mozilla/5.0 (Windows NT 6.2; WOW64) AppleWebKit/538.1 (KHTML, like Gecko) PhantomJS/2.1.1 Safari/538.1","webSecurityEnabled":false}
[INFO  - 2016-03-27T21:28:46.655Z] Session [e38d5190-f462-11e5-b599-e13306a20f3f] - page.customHeaders:  - {}
[INFO  - 2016-03-27T21:28:46.657Z] Session [e38d5190-f462-11e5-b599-e13306a20f3f] - Session.negotiatedCapabilities - {"browserName":"phantomjs","version":"2.1.1","driverName":"ghostdriver","driverVersion":"1.2.0","platform":"windows-8.1-32bit","javascriptEnabled":true,"takesScreenshot":true,"handlesAlerts":false,"databaseEnabled":false,"locationContextEnabled":false,"applicationCacheEnabled":false,"browserConnectionEnabled":false,"cssSelectorsEnabled":true,"webStorageEnabled":false,"rotatable":false,"acceptSslCerts":false,"nativeEvents":true,"proxy":{"proxyType":"direct"}}
[INFO  - 2016-03-27T21:28:46.661Z] SessionManagerReqHand - _postNewSessionCommand - New Session Created: e38d5190-f462-11e5-b599-e13306a20f3f
[INFO  - 2016-03-27T21:28:48.906Z] ShutdownReqHand - _handle - About to shutdown
[INFO  - 2016-03-27T21:28:51.427Z] GhostDriver - Main - running on port 19840
[INFO  - 2016-03-27T21:28:51.509Z] Session [e672e550-f462-11e5-8414-6958e153eb0a] - page.settings - {"XSSAuditingEnabled":false,"javascriptCanCloseWindows":true,"javascriptCanOpenWindows":true,"javascriptEnabled":true,"loadImages":true,"localToRemoteUrlAccessEnabled":true,"userAgent":"Mozilla/5.0 (Windows NT 6.2; WOW64) AppleWebKit/538.1 (KHTML, like Gecko) PhantomJS/2.1.1 Safari/538.1","webSecurityEnabled":false}
[INFO  - 2016-03-27T21:28:51.509Z] Session [e672e550-f462-11e5-8414-6958e153eb0a] - page.customHeaders:  - {}
[INFO  - 2016-03-27T21:28:51.510Z] Session [e672e550-f462-11e5-8414-6958e153eb0a] - Session.negotiatedCapabilities - {"browserName":"phantomjs","version":"2.1.1","driverName":"ghostdriver","driverVersion":"1.2.0","platform":"windows-8.1-32bit","javascriptEnabled":true,"takesScreenshot":true,"handlesAlerts":false,"databaseEnabled":false,"locationContextEnabled":false,"applicationCacheEnabled":false,"browserConnectionEnabled":false,"cssSelectorsEnabled":true,"webStorageEnabled":false,"rotatable":false,"acceptSslCerts":false,"nativeEvents":true,"proxy":{"proxyType":"direct"}}
[INFO  - 2016-03-27T21:28:51.510Z] SessionManagerReqHand - _postNewSessionCommand - New Session Created: e672e550-f462-11e5-8414-6958e153eb0a
[INFO  - 2016-03-27T21:28:54.267Z] ShutdownReqHand - _handle - About to shutdown
[INFO  - 2016-03-27T21:28:57.001Z] GhostDriver - Main - running on port 38689
[INFO  - 2016-03-27T21:28:57.378Z] Session [e9f26f20-f462-11e5-bdf0-49250aeee536] - page.settings - {"XSSAuditingEnabled":false,"javascriptCanCloseWindows":true,"javascriptCanOpenWindows":true,"javascriptEnabled":true,"loadImages":true,"localToRemoteUrlAccessEnabled":true,"userAgent":"Mozilla/5.0 (Windows NT 6.2; WOW64) AppleWebKit/538.1 (KHTML, like Gecko) PhantomJS/2.1.1 Safari/538.1","webSecurityEnabled":false}
[INFO  - 2016-03-27T21:28:57.378Z] Session [e9f26f20-f462-11e5-bdf0-49250aeee536] - page.customHeaders:  - {}
[INFO  - 2016-03-27T21:28:57.379Z] Session [e9f26f20-f462-11e5-bdf0-49250aeee536] - Session.negotiatedCapabilities - {"browserName":"phantomjs","version":"2.1.1","driverName":"ghostdriver","driverVersion":"1.2.0","platform":"windows-8.1-32bit","javascriptEnabled":true,"takesScreenshot":true,"handlesAlerts":false,"databaseEnabled":false,"locationContextEnabled":false,"applicationCacheEnabled":false,"browserConnectionEnabled":false,"cssSelectorsEnabled":true,"webStorageEnabled":false,"rotatable":false,"acceptSslCerts":false,"nativeEvents":true,"proxy":{"proxyType":"direct"}}
[INFO  - 2016-03-27T21:28:57.379Z] SessionManagerReqHand - _postNewSessionCommand - New Session Created: e9f26f20-f462-11e5-bdf0-49250aeee536
[INFO  - 2016-03-27T21:29:02.997Z] ShutdownReqHand - _handle - About to shutdown
[INFO  - 2016-03-27T21:32:39.230Z] GhostDriver - Main - running on port 31622
[INFO  - 2016-03-27T21:32:40.064Z] Session [6eaefe90-f463-11e5-89c8-432df0a1acb4] - page.settings - {"XSSAuditingEnabled":false,"javascriptCanCloseWindows":true,"javascriptCanOpenWindows":true,"javascriptEnabled":true,"loadImages":true,"localToRemoteUrlAccessEnabled":true,"userAgent":"Mozilla/5.0 (Windows NT 6.2; WOW64) AppleWebKit/538.1 (KHTML, like Gecko) PhantomJS/2.1.1 Safari/538.1","webSecurityEnabled":false}
[INFO  - 2016-03-27T21:32:40.064Z] Session [6eaefe90-f463-11e5-89c8-432df0a1acb4] - page.customHeaders:  - {}
[INFO  - 2016-03-27T21:32:40.065Z] Session [6eaefe90-f463-11e5-89c8-432df0a1acb4] - Session.negotiatedCapabilities - {"browserName":"phantomjs","version":"2.1.1","driverName":"ghostdriver","driverVersion":"1.2.0","platform":"windows-8.1-32bit","javascriptEnabled":true,"takesScreenshot":true,"handlesAlerts":false,"databaseEnabled":false,"locationContextEnabled":false,"applicationCacheEnabled":false,"browserConnectionEnabled":false,"cssSelectorsEnabled":true,"webStorageEnabled":false,"rotatable":false,"acceptSslCerts":false,"nativeEvents":true,"proxy":{"proxyType":"direct"}}
[INFO  - 2016-03-27T21:32:40.065Z] SessionManagerReqHand - _postNewSessionCommand - New Session Created: 6eaefe90-f463-11e5-89c8-432df0a1acb4
[ERROR - 2016-03-27T21:32:44.142Z] RouterReqHand - _handle.error - {"name":"Invalid Command Method","message":"{\"headers\":{\"Accept-Encoding\":\"gzip,deflate\",\"Cache-Control\":\"no-cache\",\"Connection\":\"Keep-Alive\",\"Host\":\"localhost:31622\",\"User-Agent\":\"Apache-HttpClient/4.3.4 (java 1.5)\"},\"httpVersion\":\"1.1\",\"method\":\"GET\",\"url\":\"/alert_text\",\"urlParsed\":{\"anchor\":\"\",\"query\":\"\",\"file\":\"alert_text\",\"directory\":\"/\",\"path\":\"/alert_text\",\"relative\":\"/alert_text\",\"port\":\"\",\"host\":\"\",\"password\":\"\",\"user\":\"\",\"userInfo\":\"\",\"authority\":\"\",\"protocol\":\"\",\"source\":\"/alert_text\",\"queryKey\":{},\"chunks\":[\"alert_text\"]},\"urlOriginal\":\"/session/6eaefe90-f463-11e5-89c8-432df0a1acb4/alert_text\"}","line":202,"sourceURL":"phantomjs://code/session_request_handler.js","stack":"_handle@phantomjs://code/session_request_handler.js:202:66\n_reroute@phantomjs://code/request_handler.js:61:20\n_handle@phantomjs://code/router_request_handler.js:78:46"}
[ERROR - 2016-03-27T21:32:46.131Z] RouterReqHand - _handle.error - {"name":"Invalid Command Method","message":"{\"headers\":{\"Accept-Encoding\":\"gzip,deflate\",\"Cache-Control\":\"no-cache\",\"Connection\":\"Keep-Alive\",\"Host\":\"localhost:31622\",\"User-Agent\":\"Apache-HttpClient/4.3.4 (java 1.5)\"},\"httpVersion\":\"1.1\",\"method\":\"GET\",\"url\":\"/alert_text\",\"urlParsed\":{\"anchor\":\"\",\"query\":\"\",\"file\":\"alert_text\",\"directory\":\"/\",\"path\":\"/alert_text\",\"relative\":\"/alert_text\",\"port\":\"\",\"host\":\"\",\"password\":\"\",\"user\":\"\",\"userInfo\":\"\",\"authority\":\"\",\"protocol\":\"\",\"source\":\"/alert_text\",\"queryKey\":{},\"chunks\":[\"alert_text\"]},\"urlOriginal\":\"/session/6eaefe90-f463-11e5-89c8-432df0a1acb4/alert_text\"}","line":202,"sourceURL":"phantomjs://code/session_request_handler.js","stack":"_handle@phantomjs://code/session_request_handler.js:202:66\n_reroute@phantomjs://code/request_handler.js:61:20\n_handle@phantomjs://code/router_request_handler.js:78:46"}
[INFO  - 2016-03-27T21:32:46.151Z] ShutdownReqHand - _handle - About to shutdown
[INFO  - 2016-03-27T21:32:48.670Z] GhostDriver - Main - running on port 38595
[INFO  - 2016-03-27T21:32:49.270Z] Session [742a0a40-f463-11e5-ae2e-15a5fb30d88b] - page.settings - {"XSSAuditingEnabled":false,"javascriptCanCloseWindows":true,"javascriptCanOpenWindows":true,"javascriptEnabled":true,"loadImages":true,"localToRemoteUrlAccessEnabled":true,"userAgent":"Mozilla/5.0 (Windows NT 6.2; WOW64) AppleWebKit/538.1 (KHTML, like Gecko) PhantomJS/2.1.1 Safari/538.1","webSecurityEnabled":false}
[INFO  - 2016-03-27T21:32:49.270Z] Session [742a0a40-f463-11e5-ae2e-15a5fb30d88b] - page.customHeaders:  - {}
[INFO  - 2016-03-27T21:32:49.271Z] Session [742a0a40-f463-11e5-ae2e-15a5fb30d88b] - Session.negotiatedCapabilities - {"browserName":"phantomjs","version":"2.1.1","driverName":"ghostdriver","driverVersion":"1.2.0","platform":"windows-8.1-32bit","javascriptEnabled":true,"takesScreenshot":true,"handlesAlerts":false,"databaseEnabled":false,"locationContextEnabled":false,"applicationCacheEnabled":false,"browserConnectionEnabled":false,"cssSelectorsEnabled":true,"webStorageEnabled":false,"rotatable":false,"acceptSslCerts":false,"nativeEvents":true,"proxy":{"proxyType":"direct"}}
[INFO  - 2016-03-27T21:32:49.271Z] SessionManagerReqHand - _postNewSessionCommand - New Session Created: 742a0a40-f463-11e5-ae2e-15a5fb30d88b
[INFO  - 2016-03-27T21:32:54.236Z] ShutdownReqHand - _handle - About to shutdown
[INFO  - 2016-03-27T21:32:56.854Z] GhostDriver - Main - running on port 3376
[INFO  - 2016-03-27T21:32:57.353Z] Session [78fca0f0-f463-11e5-b3bc-59a6c43bcabb] - page.settings - {"XSSAuditingEnabled":false,"javascriptCanCloseWindows":true,"javascriptCanOpenWindows":true,"javascriptEnabled":true,"loadImages":true,"localToRemoteUrlAccessEnabled":true,"userAgent":"Mozilla/5.0 (Windows NT 6.2; WOW64) AppleWebKit/538.1 (KHTML, like Gecko) PhantomJS/2.1.1 Safari/538.1","webSecurityEnabled":false}
[INFO  - 2016-03-27T21:32:57.354Z] Session [78fca0f0-f463-11e5-b3bc-59a6c43bcabb] - page.customHeaders:  - {}
[INFO  - 2016-03-27T21:32:57.354Z] Session [78fca0f0-f463-11e5-b3bc-59a6c43bcabb] - Session.negotiatedCapabilities - {"browserName":"phantomjs","version":"2.1.1","driverName":"ghostdriver","driverVersion":"1.2.0","platform":"windows-8.1-32bit","javascriptEnabled":true,"takesScreenshot":true,"handlesAlerts":false,"databaseEnabled":false,"locationContextEnabled":false,"applicationCacheEnabled":false,"browserConnectionEnabled":false,"cssSelectorsEnabled":true,"webStorageEnabled":false,"rotatable":false,"acceptSslCerts":false,"nativeEvents":true,"proxy":{"proxyType":"direct"}}
[INFO  - 2016-03-27T21:32:57.355Z] SessionManagerReqHand - _postNewSessionCommand - New Session Created: 78fca0f0-f463-11e5-b3bc-59a6c43bcabb
[INFO  - 2016-03-27T21:32:57.424Z] ShutdownReqHand - _handle - About to shutdown
[INFO  - 2016-03-27T21:33:00.022Z] GhostDriver - Main - running on port 18881
[INFO  - 2016-03-27T21:33:00.038Z] Session [7a971710-f463-11e5-b013-c3d7ca4eb6fe] - page.settings - {"XSSAuditingEnabled":false,"javascriptCanCloseWindows":true,"javascriptCanOpenWindows":true,"javascriptEnabled":true,"loadImages":true,"localToRemoteUrlAccessEnabled":true,"userAgent":"Mozilla/5.0 (Windows NT 6.2; WOW64) AppleWebKit/538.1 (KHTML, like Gecko) PhantomJS/2.1.1 Safari/538.1","webSecurityEnabled":false}
[INFO  - 2016-03-27T21:33:00.038Z] Session [7a971710-f463-11e5-b013-c3d7ca4eb6fe] - page.customHeaders:  - {}
[INFO  - 2016-03-27T21:33:00.038Z] Session [7a971710-f463-11e5-b013-c3d7ca4eb6fe] - Session.negotiatedCapabilities - {"browserName":"phantomjs","version":"2.1.1","driverName":"ghostdriver","driverVersion":"1.2.0","platform":"windows-8.1-32bit","javascriptEnabled":true,"takesScreenshot":true,"handlesAlerts":false,"databaseEnabled":false,"locationContextEnabled":false,"applicationCacheEnabled":false,"browserConnectionEnabled":false,"cssSelectorsEnabled":true,"webStorageEnabled":false,"rotatable":false,"acceptSslCerts":false,"nativeEvents":true,"proxy":{"proxyType":"direct"}}
[INFO  - 2016-03-27T21:33:00.038Z] SessionManagerReqHand - _postNewSessionCommand - New Session Created: 7a971710-f463-11e5-b013-c3d7ca4eb6fe
[INFO  - 2016-03-27T21:33:35.162Z] ShutdownReqHand - _handle - About to shutdown
[INFO  - 2016-03-27T21:33:37.686Z] GhostDriver - Main - running on port 1215
[INFO  - 2016-03-27T21:33:38.283Z] Session [91601140-f463-11e5-8529-83ea0abaf3a7] - page.settings - {"XSSAuditingEnabled":false,"javascriptCanCloseWindows":true,"javascriptCanOpenWindows":true,"javascriptEnabled":true,"loadImages":true,"localToRemoteUrlAccessEnabled":true,"userAgent":"Mozilla/5.0 (Windows NT 6.2; WOW64) AppleWebKit/538.1 (KHTML, like Gecko) PhantomJS/2.1.1 Safari/538.1","webSecurityEnabled":false}
[INFO  - 2016-03-27T21:33:38.283Z] Session [91601140-f463-11e5-8529-83ea0abaf3a7] - page.customHeaders:  - {}
[INFO  - 2016-03-27T21:33:38.284Z] Session [91601140-f463-11e5-8529-83ea0abaf3a7] - Session.negotiatedCapabilities - {"browserName":"phantomjs","version":"2.1.1","driverName":"ghostdriver","driverVersion":"1.2.0","platform":"windows-8.1-32bit","javascriptEnabled":true,"takesScreenshot":true,"handlesAlerts":false,"databaseEnabled":false,"locationContextEnabled":false,"applicationCacheEnabled":false,"browserConnectionEnabled":false,"cssSelectorsEnabled":true,"webStorageEnabled":false,"rotatable":false,"acceptSslCerts":false,"nativeEvents":true,"proxy":{"proxyType":"direct"}}
[INFO  - 2016-03-27T21:33:38.285Z] SessionManagerReqHand - _postNewSessionCommand - New Session Created: 91601140-f463-11e5-8529-83ea0abaf3a7
[INFO  - 2016-03-27T21:33:40.461Z] ShutdownReqHand - _handle - About to shutdown
[INFO  - 2016-03-27T21:33:43.009Z] GhostDriver - Main - running on port 9637
[INFO  - 2016-03-27T21:33:43.592Z] Session [948a7630-f463-11e5-aa22-9f6ce0b7db14] - page.settings - {"XSSAuditingEnabled":false,"javascriptCanCloseWindows":true,"javascriptCanOpenWindows":true,"javascriptEnabled":true,"loadImages":true,"localToRemoteUrlAccessEnabled":true,"userAgent":"Mozilla/5.0 (Windows NT 6.2; WOW64) AppleWebKit/538.1 (KHTML, like Gecko) PhantomJS/2.1.1 Safari/538.1","webSecurityEnabled":false}
[INFO  - 2016-03-27T21:33:43.593Z] Session [948a7630-f463-11e5-aa22-9f6ce0b7db14] - page.customHeaders:  - {}
[INFO  - 2016-03-27T21:33:43.593Z] Session [948a7630-f463-11e5-aa22-9f6ce0b7db14] - Session.negotiatedCapabilities - {"browserName":"phantomjs","version":"2.1.1","driverName":"ghostdriver","driverVersion":"1.2.0","platform":"windows-8.1-32bit","javascriptEnabled":true,"takesScreenshot":true,"handlesAlerts":false,"databaseEnabled":false,"locationContextEnabled":false,"applicationCacheEnabled":false,"browserConnectionEnabled":false,"cssSelectorsEnabled":true,"webStorageEnabled":false,"rotatable":false,"acceptSslCerts":false,"nativeEvents":true,"proxy":{"proxyType":"direct"}}
[INFO  - 2016-03-27T21:33:43.593Z] SessionManagerReqHand - _postNewSessionCommand - New Session Created: 948a7630-f463-11e5-aa22-9f6ce0b7db14
[INFO  - 2016-03-27T21:33:48.471Z] ShutdownReqHand - _handle - About to shutdown
